{"/Users/tylersayvetz/Documents/Code Fellows/401/Authenticated-Oath-API-Server/src/middleware/404.ts": {"path":"/Users/tylersayvetz/Documents/Code Fellows/401/Authenticated-Oath-API-Server/src/middleware/404.ts","statementMap":{"0":{"start":{"line":5,"column":2},"end":{"line":5,"column":null}},"1":{"start":{"line":4,"column":0},"end":{"line":4,"column":24}}},"fnMap":{"0":{"name":"notFoundHandler","decl":{"start":{"line":4,"column":24},"end":{"line":4,"column":39}},"loc":{"start":{"line":4,"column":95},"end":{"line":7,"column":1}}}},"branchMap":{},"s":{"0":0,"1":1},"f":{"0":0},"b":{}}
,"/Users/tylersayvetz/Documents/Code Fellows/401/Authenticated-Oath-API-Server/src/middleware/500.ts": {"path":"/Users/tylersayvetz/Documents/Code Fellows/401/Authenticated-Oath-API-Server/src/middleware/500.ts","statementMap":{"0":{"start":{"line":3,"column":2},"end":{"line":3,"column":null}},"1":{"start":{"line":2,"column":0},"end":{"line":2,"column":24}}},"fnMap":{"0":{"name":"serverErrorHandler","decl":{"start":{"line":2,"column":24},"end":{"line":2,"column":42}},"loc":{"start":{"line":2,"column":109},"end":{"line":4,"column":1}}}},"branchMap":{},"s":{"0":0,"1":1},"f":{"0":0},"b":{}}
,"/Users/tylersayvetz/Documents/Code Fellows/401/Authenticated-Oath-API-Server/src/middleware/accessControlList.ts": {"path":"/Users/tylersayvetz/Documents/Code Fellows/401/Authenticated-Oath-API-Server/src/middleware/accessControlList.ts","statementMap":{"0":{"start":{"line":5,"column":2},"end":{"line":12,"column":null}},"1":{"start":{"line":6,"column":4},"end":{"line":6,"column":60}},"2":{"start":{"line":7,"column":4},"end":{"line":11,"column":null}},"3":{"start":{"line":8,"column":6},"end":{"line":8,"column":null}},"4":{"start":{"line":10,"column":6},"end":{"line":10,"column":null}},"5":{"start":{"line":4,"column":0},"end":{"line":4,"column":25}}},"fnMap":{"0":{"name":"default_1","decl":{"start":{"line":4,"column":0},"end":{"line":4,"column":25}},"loc":{"start":{"line":4,"column":51},"end":{"line":13,"column":1}}},"1":{"name":"(anonymous_1)","decl":{"start":{"line":5,"column":9},"end":{"line":5,"column":19}},"loc":{"start":{"line":5,"column":73},"end":{"line":12,"column":3}}}},"branchMap":{"0":{"loc":{"start":{"line":7,"column":4},"end":{"line":11,"column":null}},"type":"if","locations":[{"start":{"line":7,"column":4},"end":{"line":11,"column":null}},{"start":{"line":7,"column":4},"end":{"line":11,"column":null}}]},"1":{"loc":{"start":{"line":7,"column":8},"end":{"line":7,"column":49}},"type":"binary-expr","locations":[{"start":{"line":7,"column":8},"end":{"line":7,"column":49}},{"start":{"line":7,"column":53},"end":{"line":7,"column":106}}]}},"s":{"0":7,"1":0,"2":0,"3":0,"4":0,"5":1},"f":{"0":7,"1":0},"b":{"0":[0,0],"1":[0,0]}}
,"/Users/tylersayvetz/Documents/Code Fellows/401/Authenticated-Oath-API-Server/src/middleware/basicAuth.ts": {"path":"/Users/tylersayvetz/Documents/Code Fellows/401/Authenticated-Oath-API-Server/src/middleware/basicAuth.ts","statementMap":{"0":{"start":{"line":2,"column":0},"end":{"line":2,"column":34}},"1":{"start":{"line":3,"column":0},"end":{"line":3,"column":29}},"2":{"start":{"line":4,"column":0},"end":{"line":4,"column":28}},"3":{"start":{"line":8,"column":0},"end":{"line":8,"column":37}},"4":{"start":{"line":13,"column":2},"end":{"line":46,"column":null}},"5":{"start":{"line":14,"column":4},"end":{"line":14,"column":51}},"6":{"start":{"line":15,"column":4},"end":{"line":15,"column":null}},"7":{"start":{"line":18,"column":19},"end":{"line":18,"column":61}},"8":{"start":{"line":19,"column":20},"end":{"line":19,"column":41}},"9":{"start":{"line":21,"column":31},"end":{"line":21,"column":49}},"10":{"start":{"line":23,"column":4},"end":{"line":25,"column":null}},"11":{"start":{"line":24,"column":6},"end":{"line":24,"column":43}},"12":{"start":{"line":26,"column":4},"end":{"line":26,"column":null}},"13":{"start":{"line":31,"column":20},"end":{"line":31,"column":66}},"14":{"start":{"line":32,"column":4},"end":{"line":32,"column":25}},"15":{"start":{"line":33,"column":4},"end":{"line":45,"column":null}},"16":{"start":{"line":34,"column":6},"end":{"line":34,"column":null}},"17":{"start":{"line":39,"column":6},"end":{"line":44,"column":null}},"18":{"start":{"line":40,"column":8},"end":{"line":40,"column":75}},"19":{"start":{"line":41,"column":8},"end":{"line":41,"column":15}},"20":{"start":{"line":43,"column":8},"end":{"line":43,"column":47}},"21":{"start":{"line":12,"column":0},"end":{"line":12,"column":15}}},"fnMap":{"0":{"name":"basicAuthorization","decl":{"start":{"line":12,"column":30},"end":{"line":12,"column":48}},"loc":{"start":{"line":12,"column":103},"end":{"line":47,"column":1}}}},"branchMap":{"0":{"loc":{"start":{"line":13,"column":2},"end":{"line":46,"column":null}},"type":"if","locations":[{"start":{"line":13,"column":2},"end":{"line":46,"column":null}},{"start":{"line":13,"column":2},"end":{"line":46,"column":null}}]},"1":{"loc":{"start":{"line":23,"column":4},"end":{"line":25,"column":null}},"type":"if","locations":[{"start":{"line":23,"column":4},"end":{"line":25,"column":null}},{"start":{"line":23,"column":4},"end":{"line":25,"column":null}}]},"2":{"loc":{"start":{"line":33,"column":4},"end":{"line":45,"column":null}},"type":"if","locations":[{"start":{"line":33,"column":4},"end":{"line":45,"column":null}},{"start":{"line":33,"column":4},"end":{"line":45,"column":null}}]},"3":{"loc":{"start":{"line":39,"column":6},"end":{"line":44,"column":null}},"type":"if","locations":[{"start":{"line":39,"column":6},"end":{"line":44,"column":null}},{"start":{"line":39,"column":6},"end":{"line":44,"column":null}}]}},"s":{"0":1,"1":1,"2":1,"3":1,"4":0,"5":0,"6":0,"7":0,"8":0,"9":0,"10":0,"11":0,"12":0,"13":0,"14":0,"15":0,"16":0,"17":0,"18":0,"19":0,"20":0,"21":1},"f":{"0":0},"b":{"0":[0,0],"1":[0,0],"2":[0,0],"3":[0,0]}}
,"/Users/tylersayvetz/Documents/Code Fellows/401/Authenticated-Oath-API-Server/src/middleware/bearerAuth.ts": {"path":"/Users/tylersayvetz/Documents/Code Fellows/401/Authenticated-Oath-API-Server/src/middleware/bearerAuth.ts","statementMap":{"0":{"start":{"line":3,"column":0},"end":{"line":3,"column":30}},"1":{"start":{"line":4,"column":0},"end":{"line":4,"column":37}},"2":{"start":{"line":5,"column":0},"end":{"line":5,"column":35}},"3":{"start":{"line":7,"column":19},"end":{"line":7,"column":30}},"4":{"start":{"line":10,"column":2},"end":{"line":34,"column":null}},"5":{"start":{"line":11,"column":4},"end":{"line":11,"column":28}},"6":{"start":{"line":12,"column":4},"end":{"line":12,"column":null}},"7":{"start":{"line":15,"column":19},"end":{"line":15,"column":61}},"8":{"start":{"line":16,"column":4},"end":{"line":33,"column":null}},"9":{"start":{"line":18,"column":22},"end":{"line":18,"column":73}},"10":{"start":{"line":21,"column":19},"end":{"line":21,"column":86}},"11":{"start":{"line":24,"column":6},"end":{"line":30,"column":null}},"12":{"start":{"line":25,"column":8},"end":{"line":25,"column":null}},"13":{"start":{"line":26,"column":8},"end":{"line":26,"column":24}},"14":{"start":{"line":27,"column":8},"end":{"line":27,"column":15}},"15":{"start":{"line":29,"column":8},"end":{"line":29,"column":null}},"16":{"start":{"line":32,"column":6},"end":{"line":32,"column":null}},"17":{"start":{"line":9,"column":0},"end":{"line":9,"column":15}}},"fnMap":{"0":{"name":"authorize","decl":{"start":{"line":9,"column":30},"end":{"line":9,"column":39}},"loc":{"start":{"line":9,"column":94},"end":{"line":35,"column":1}}}},"branchMap":{"0":{"loc":{"start":{"line":10,"column":2},"end":{"line":34,"column":null}},"type":"if","locations":[{"start":{"line":10,"column":2},"end":{"line":34,"column":null}},{"start":{"line":10,"column":2},"end":{"line":34,"column":null}}]},"1":{"loc":{"start":{"line":24,"column":6},"end":{"line":30,"column":null}},"type":"if","locations":[{"start":{"line":24,"column":6},"end":{"line":30,"column":null}},{"start":{"line":24,"column":6},"end":{"line":30,"column":null}}]}},"s":{"0":1,"1":1,"2":1,"3":1,"4":0,"5":0,"6":0,"7":0,"8":0,"9":0,"10":0,"11":0,"12":0,"13":0,"14":0,"15":0,"16":0,"17":1},"f":{"0":0},"b":{"0":[0,0],"1":[0,0]}}
,"/Users/tylersayvetz/Documents/Code Fellows/401/Authenticated-Oath-API-Server/src/middleware/handleOauth.ts": {"path":"/Users/tylersayvetz/Documents/Code Fellows/401/Authenticated-Oath-API-Server/src/middleware/handleOauth.ts","statementMap":{"0":{"start":{"line":3,"column":0},"end":{"line":3,"column":36}},"1":{"start":{"line":5,"column":65},"end":{"line":5,"column":76}},"2":{"start":{"line":8,"column":20},"end":{"line":36,"column":1}},"3":{"start":{"line":9,"column":2},"end":{"line":12,"column":null}},"4":{"start":{"line":10,"column":4},"end":{"line":10,"column":null}},"5":{"start":{"line":11,"column":4},"end":{"line":11,"column":11}},"6":{"start":{"line":15,"column":16},"end":{"line":15,"column":58}},"7":{"start":{"line":18,"column":25},"end":{"line":18,"column":49}},"8":{"start":{"line":21,"column":2},"end":{"line":35,"column":null}},"9":{"start":{"line":22,"column":4},"end":{"line":22,"column":54}},"10":{"start":{"line":23,"column":47},"end":{"line":26,"column":null}},"11":{"start":{"line":29,"column":25},"end":{"line":29,"column":82}},"12":{"start":{"line":29,"column":57},"end":{"line":29,"column":81}},"13":{"start":{"line":30,"column":31},"end":{"line":30,"column":72}},"14":{"start":{"line":31,"column":27},"end":{"line":31,"column":105}},"15":{"start":{"line":32,"column":4},"end":{"line":32,"column":null}},"16":{"start":{"line":34,"column":4},"end":{"line":34,"column":null}},"17":{"start":{"line":39,"column":27},"end":{"line":39,"column":80}},"18":{"start":{"line":40,"column":43},"end":{"line":45,"column":null}},"19":{"start":{"line":46,"column":22},"end":{"line":46,"column":85}},"20":{"start":{"line":46,"column":52},"end":{"line":46,"column":74}},"21":{"start":{"line":47,"column":23},"end":{"line":47,"column":53}},"22":{"start":{"line":48,"column":18},"end":{"line":48,"column":75}},"23":{"start":{"line":49,"column":2},"end":{"line":49,"column":35}},"24":{"start":{"line":54,"column":48},"end":{"line":58,"column":null}},"25":{"start":{"line":59,"column":25},"end":{"line":59,"column":98}},"26":{"start":{"line":59,"column":60},"end":{"line":59,"column":87}},"27":{"start":{"line":60,"column":14},"end":{"line":60,"column":79}},"28":{"start":{"line":62,"column":18},"end":{"line":62,"column":43}},"29":{"start":{"line":64,"column":2},"end":{"line":64,"column":35}},"30":{"start":{"line":74,"column":0},"end":{"line":74,"column":27}}},"fnMap":{"0":{"name":"(anonymous_1)","decl":{"start":{"line":8,"column":20},"end":{"line":8,"column":25}},"loc":{"start":{"line":8,"column":90},"end":{"line":36,"column":1}}},"1":{"name":"(anonymous_2)","decl":{"start":{"line":29,"column":50},"end":{"line":29,"column":53}},"loc":{"start":{"line":29,"column":57},"end":{"line":29,"column":81}}},"2":{"name":"exchangeCodeForToken","decl":{"start":{"line":38,"column":15},"end":{"line":38,"column":35}},"loc":{"start":{"line":38,"column":48},"end":{"line":50,"column":1}}},"3":{"name":"(anonymous_4)","decl":{"start":{"line":46,"column":45},"end":{"line":46,"column":48}},"loc":{"start":{"line":46,"column":52},"end":{"line":46,"column":74}}},"4":{"name":"getAppAccesToken","decl":{"start":{"line":53,"column":15},"end":{"line":53,"column":31}},"loc":{"start":{"line":53,"column":31},"end":{"line":65,"column":1}}},"5":{"name":"(anonymous_6)","decl":{"start":{"line":59,"column":53},"end":{"line":59,"column":56}},"loc":{"start":{"line":59,"column":60},"end":{"line":59,"column":87}}}},"branchMap":{"0":{"loc":{"start":{"line":9,"column":2},"end":{"line":12,"column":null}},"type":"if","locations":[{"start":{"line":9,"column":2},"end":{"line":12,"column":null}},{"start":{"line":9,"column":2},"end":{"line":12,"column":null}}]}},"s":{"0":1,"1":1,"2":1,"3":0,"4":0,"5":0,"6":0,"7":0,"8":0,"9":0,"10":0,"11":0,"12":0,"13":0,"14":0,"15":0,"16":0,"17":0,"18":0,"19":0,"20":0,"21":0,"22":0,"23":0,"24":0,"25":0,"26":0,"27":0,"28":0,"29":0,"30":1},"f":{"0":0,"1":0,"2":0,"3":0,"4":0,"5":0},"b":{"0":[0,0]}}
,"/Users/tylersayvetz/Documents/Code Fellows/401/Authenticated-Oath-API-Server/src/models/roles.ts": {"path":"/Users/tylersayvetz/Documents/Code Fellows/401/Authenticated-Oath-API-Server/src/models/roles.ts","statementMap":{"0":{"start":{"line":1,"column":0},"end":{"line":1,"column":43}},"1":{"start":{"line":3,"column":20},"end":{"line":6,"column":2}},"2":{"start":{"line":8,"column":0},"end":{"line":8,"column":null}}},"fnMap":{},"branchMap":{},"s":{"0":1,"1":1,"2":1},"f":{},"b":{}}
,"/Users/tylersayvetz/Documents/Code Fellows/401/Authenticated-Oath-API-Server/src/models/users.ts": {"path":"/Users/tylersayvetz/Documents/Code Fellows/401/Authenticated-Oath-API-Server/src/models/users.ts","statementMap":{"0":{"start":{"line":1,"column":0},"end":{"line":1,"column":32}},"1":{"start":{"line":3,"column":0},"end":{"line":3,"column":31}},"2":{"start":{"line":19,"column":20},"end":{"line":23,"column":2}},"3":{"start":{"line":26,"column":14},"end":{"line":26,"column":79}},"4":{"start":{"line":29,"column":0},"end":{"line":36,"column":null}},"5":{"start":{"line":30,"column":20},"end":{"line":34,"column":null}},"6":{"start":{"line":35,"column":2},"end":{"line":35,"column":49}},"7":{"start":{"line":38,"column":0},"end":{"line":40,"column":null}},"8":{"start":{"line":39,"column":2},"end":{"line":39,"column":null}},"9":{"start":{"line":44,"column":0},"end":{"line":44,"column":21}}},"fnMap":{"0":{"name":"(anonymous_1)","decl":{"start":{"line":29,"column":32},"end":{"line":29,"column":null}},"loc":{"start":{"line":29,"column":32},"end":{"line":36,"column":1}}},"1":{"name":"(anonymous_2)","decl":{"start":{"line":38,"column":13},"end":{"line":38,"column":16}},"loc":{"start":{"line":38,"column":18},"end":{"line":40,"column":1}}}},"branchMap":{"0":{"loc":{"start":{"line":33,"column":17},"end":{"line":33,"column":38}},"type":"binary-expr","locations":[{"start":{"line":33,"column":17},"end":{"line":33,"column":38}},{"start":{"line":33,"column":42},"end":{"line":33,"column":44}}]}},"s":{"0":1,"1":1,"2":1,"3":1,"4":1,"5":0,"6":0,"7":1,"8":0,"9":1},"f":{"0":0,"1":0},"b":{"0":[0,0]}}
,"/Users/tylersayvetz/Documents/Code Fellows/401/Authenticated-Oath-API-Server/src/src/app.ts": {"path":"/Users/tylersayvetz/Documents/Code Fellows/401/Authenticated-Oath-API-Server/src/src/app.ts","statementMap":{"0":{"start":{"line":2,"column":0},"end":{"line":2,"column":30}},"1":{"start":{"line":3,"column":0},"end":{"line":3,"column":50}},"2":{"start":{"line":4,"column":0},"end":{"line":4,"column":49}},"3":{"start":{"line":8,"column":17},"end":{"line":10,"column":null}},"4":{"start":{"line":20,"column":13},"end":{"line":20,"column":29}},"5":{"start":{"line":21,"column":0},"end":{"line":21,"column":24}},"6":{"start":{"line":22,"column":0},"end":{"line":22,"column":null}},"7":{"start":{"line":25,"column":0},"end":{"line":27,"column":null}},"8":{"start":{"line":26,"column":2},"end":{"line":26,"column":55}},"9":{"start":{"line":30,"column":0},"end":{"line":30,"column":41}},"10":{"start":{"line":31,"column":0},"end":{"line":31,"column":21}},"11":{"start":{"line":34,"column":0},"end":{"line":34,"column":41}},"12":{"start":{"line":35,"column":0},"end":{"line":35,"column":21}},"13":{"start":{"line":38,"column":0},"end":{"line":38,"column":42}},"14":{"start":{"line":39,"column":0},"end":{"line":39,"column":21}},"15":{"start":{"line":43,"column":0},"end":{"line":43,"column":51}},"16":{"start":{"line":44,"column":0},"end":{"line":44,"column":28}},"17":{"start":{"line":47,"column":0},"end":{"line":47,"column":48}},"18":{"start":{"line":48,"column":0},"end":{"line":48,"column":25}},"19":{"start":{"line":51,"column":13},"end":{"line":60,"column":null}},"20":{"start":{"line":52,"column":15},"end":{"line":52,"column":27}},"21":{"start":{"line":57,"column":23},"end":{"line":57,"column":45}},"22":{"start":{"line":58,"column":4},"end":{"line":58,"column":null}},"23":{"start":{"line":59,"column":4},"end":{"line":59,"column":21}}},"fnMap":{"0":{"name":"(anonymous_1)","decl":{"start":{"line":25,"column":47},"end":{"line":25,"column":48}},"loc":{"start":{"line":25,"column":83},"end":{"line":27,"column":1}}},"1":{"name":"(anonymous_2)","decl":{"start":{"line":51,"column":27},"end":{"line":51,"column":32}},"loc":{"start":{"line":51,"column":50},"end":{"line":60,"column":1}}}},"branchMap":{"0":{"loc":{"start":{"line":52,"column":15},"end":{"line":52,"column":19}},"type":"binary-expr","locations":[{"start":{"line":52,"column":15},"end":{"line":52,"column":19}},{"start":{"line":52,"column":23},"end":{"line":52,"column":27}}]}},"s":{"0":1,"1":1,"2":1,"3":1,"4":1,"5":1,"6":1,"7":1,"8":0,"9":1,"10":1,"11":1,"12":1,"13":1,"14":1,"15":1,"16":1,"17":1,"18":1,"19":1,"20":2,"21":2,"22":2,"23":2},"f":{"0":0,"1":2},"b":{"0":[2,1]}}
,"/Users/tylersayvetz/Documents/Code Fellows/401/Authenticated-Oath-API-Server/src/src/routers/oauth.ts": {"path":"/Users/tylersayvetz/Documents/Code Fellows/401/Authenticated-Oath-API-Server/src/src/routers/oauth.ts","statementMap":{"0":{"start":{"line":1,"column":0},"end":{"line":1,"column":30}},"1":{"start":{"line":3,"column":0},"end":{"line":3,"column":54}},"2":{"start":{"line":6,"column":20},"end":{"line":6,"column":36}},"3":{"start":{"line":10,"column":0},"end":{"line":24,"column":null}},"4":{"start":{"line":11,"column":14},"end":{"line":11,"column":59}},"5":{"start":{"line":12,"column":45},"end":{"line":17,"column":null}},"6":{"start":{"line":18,"column":20},"end":{"line":20,"column":14}},"7":{"start":{"line":19,"column":4},"end":{"line":19,"column":36}},"8":{"start":{"line":22,"column":2},"end":{"line":22,"column":null}},"9":{"start":{"line":23,"column":2},"end":{"line":23,"column":null}},"10":{"start":{"line":26,"column":0},"end":{"line":28,"column":null}},"11":{"start":{"line":27,"column":2},"end":{"line":27,"column":null}},"12":{"start":{"line":32,"column":0},"end":{"line":32,"column":27}}},"fnMap":{"0":{"name":"(anonymous_1)","decl":{"start":{"line":10,"column":29},"end":{"line":10,"column":30}},"loc":{"start":{"line":10,"column":88},"end":{"line":24,"column":1}}},"1":{"name":"(anonymous_2)","decl":{"start":{"line":18,"column":45},"end":{"line":18,"column":48}},"loc":{"start":{"line":18,"column":51},"end":{"line":20,"column":3}}},"2":{"name":"(anonymous_3)","decl":{"start":{"line":26,"column":39},"end":{"line":26,"column":40}},"loc":{"start":{"line":26,"column":98},"end":{"line":28,"column":1}}}},"branchMap":{},"s":{"0":1,"1":1,"2":1,"3":1,"4":0,"5":0,"6":0,"7":0,"8":0,"9":0,"10":1,"11":0,"12":1},"f":{"0":0,"1":0,"2":0},"b":{}}
,"/Users/tylersayvetz/Documents/Code Fellows/401/Authenticated-Oath-API-Server/src/src/routers/roles.ts": {"path":"/Users/tylersayvetz/Documents/Code Fellows/401/Authenticated-Oath-API-Server/src/src/routers/roles.ts","statementMap":{"0":{"start":{"line":1,"column":0},"end":{"line":1,"column":30}},"1":{"start":{"line":7,"column":0},"end":{"line":7,"column":52}},"2":{"start":{"line":8,"column":0},"end":{"line":8,"column":52}},"3":{"start":{"line":11,"column":0},"end":{"line":11,"column":38}},"4":{"start":{"line":14,"column":20},"end":{"line":14,"column":36}},"5":{"start":{"line":19,"column":0},"end":{"line":22,"column":null}},"6":{"start":{"line":20,"column":19},"end":{"line":20,"column":39}},"7":{"start":{"line":21,"column":2},"end":{"line":21,"column":null}},"8":{"start":{"line":25,"column":0},"end":{"line":29,"column":null}},"9":{"start":{"line":26,"column":18},"end":{"line":26,"column":37}},"10":{"start":{"line":27,"column":22},"end":{"line":27,"column":42}},"11":{"start":{"line":28,"column":2},"end":{"line":28,"column":65}},"12":{"start":{"line":31,"column":0},"end":{"line":34,"column":null}},"13":{"start":{"line":32,"column":22},"end":{"line":32,"column":103}},"14":{"start":{"line":33,"column":2},"end":{"line":33,"column":65}},"15":{"start":{"line":36,"column":0},"end":{"line":39,"column":null}},"16":{"start":{"line":37,"column":18},"end":{"line":37,"column":62}},"17":{"start":{"line":38,"column":2},"end":{"line":38,"column":null}},"18":{"start":{"line":43,"column":0},"end":{"line":43,"column":27}}},"fnMap":{"0":{"name":"(anonymous_1)","decl":{"start":{"line":19,"column":26},"end":{"line":19,"column":31}},"loc":{"start":{"line":19,"column":51},"end":{"line":22,"column":1}}},"1":{"name":"(anonymous_2)","decl":{"start":{"line":25,"column":53},"end":{"line":25,"column":58}},"loc":{"start":{"line":25,"column":95},"end":{"line":29,"column":1}}},"2":{"name":"(anonymous_3)","decl":{"start":{"line":31,"column":52},"end":{"line":31,"column":57}},"loc":{"start":{"line":31,"column":94},"end":{"line":34,"column":1}}},"3":{"name":"(anonymous_4)","decl":{"start":{"line":36,"column":55},"end":{"line":36,"column":60}},"loc":{"start":{"line":36,"column":97},"end":{"line":39,"column":1}}}},"branchMap":{},"s":{"0":1,"1":1,"2":1,"3":1,"4":1,"5":1,"6":0,"7":0,"8":1,"9":0,"10":0,"11":0,"12":1,"13":0,"14":0,"15":1,"16":0,"17":0,"18":1},"f":{"0":0,"1":0,"2":0,"3":0},"b":{}}
,"/Users/tylersayvetz/Documents/Code Fellows/401/Authenticated-Oath-API-Server/src/src/routers/users.ts": {"path":"/Users/tylersayvetz/Documents/Code Fellows/401/Authenticated-Oath-API-Server/src/src/routers/users.ts","statementMap":{"0":{"start":{"line":2,"column":0},"end":{"line":2,"column":28}},"1":{"start":{"line":3,"column":0},"end":{"line":3,"column":30}},"2":{"start":{"line":4,"column":0},"end":{"line":4,"column":38}},"3":{"start":{"line":5,"column":0},"end":{"line":5,"column":38}},"4":{"start":{"line":11,"column":0},"end":{"line":11,"column":50}},"5":{"start":{"line":12,"column":0},"end":{"line":12,"column":52}},"6":{"start":{"line":13,"column":0},"end":{"line":13,"column":52}},"7":{"start":{"line":16,"column":20},"end":{"line":16,"column":36}},"8":{"start":{"line":22,"column":0},"end":{"line":29,"column":null}},"9":{"start":{"line":23,"column":2},"end":{"line":23,"column":25}},"10":{"start":{"line":24,"column":2},"end":{"line":28,"column":null}},"11":{"start":{"line":26,"column":6},"end":{"line":26,"column":null}},"12":{"start":{"line":31,"column":0},"end":{"line":46,"column":null}},"13":{"start":{"line":33,"column":18},"end":{"line":38,"column":4}},"14":{"start":{"line":39,"column":2},"end":{"line":45,"column":64}},"15":{"start":{"line":43,"column":6},"end":{"line":43,"column":null}},"16":{"start":{"line":45,"column":18},"end":{"line":45,"column":62}},"17":{"start":{"line":50,"column":0},"end":{"line":53,"column":null}},"18":{"start":{"line":51,"column":2},"end":{"line":51,"column":null}},"19":{"start":{"line":52,"column":2},"end":{"line":52,"column":null}},"20":{"start":{"line":57,"column":0},"end":{"line":59,"column":null}},"21":{"start":{"line":58,"column":2},"end":{"line":58,"column":null}},"22":{"start":{"line":61,"column":0},"end":{"line":63,"column":null}},"23":{"start":{"line":62,"column":2},"end":{"line":62,"column":null}},"24":{"start":{"line":65,"column":0},"end":{"line":67,"column":null}},"25":{"start":{"line":66,"column":2},"end":{"line":66,"column":null}},"26":{"start":{"line":73,"column":0},"end":{"line":73,"column":27}}},"fnMap":{"0":{"name":"(anonymous_1)","decl":{"start":{"line":22,"column":26},"end":{"line":22,"column":27}},"loc":{"start":{"line":22,"column":62},"end":{"line":29,"column":1}}},"1":{"name":"(anonymous_2)","decl":{"start":{"line":25,"column":10},"end":{"line":25,"column":17}},"loc":{"start":{"line":25,"column":20},"end":{"line":27,"column":5}}},"2":{"name":"(anonymous_3)","decl":{"start":{"line":31,"column":28},"end":{"line":31,"column":33}},"loc":{"start":{"line":31,"column":47},"end":{"line":46,"column":1}}},"3":{"name":"(anonymous_4)","decl":{"start":{"line":40,"column":10},"end":{"line":40,"column":17}},"loc":{"start":{"line":40,"column":20},"end":{"line":44,"column":5}}},"4":{"name":"(anonymous_5)","decl":{"start":{"line":45,"column":11},"end":{"line":45,"column":14}},"loc":{"start":{"line":45,"column":18},"end":{"line":45,"column":62}}},"5":{"name":"(anonymous_6)","decl":{"start":{"line":50,"column":39},"end":{"line":50,"column":40}},"loc":{"start":{"line":50,"column":75},"end":{"line":53,"column":1}}},"6":{"name":"(anonymous_7)","decl":{"start":{"line":57,"column":53},"end":{"line":57,"column":54}},"loc":{"start":{"line":57,"column":89},"end":{"line":59,"column":1}}},"7":{"name":"(anonymous_8)","decl":{"start":{"line":61,"column":52},"end":{"line":61,"column":53}},"loc":{"start":{"line":61,"column":88},"end":{"line":63,"column":1}}},"8":{"name":"(anonymous_9)","decl":{"start":{"line":65,"column":55},"end":{"line":65,"column":56}},"loc":{"start":{"line":65,"column":91},"end":{"line":67,"column":1}}}},"branchMap":{},"s":{"0":1,"1":1,"2":1,"3":1,"4":1,"5":1,"6":1,"7":1,"8":1,"9":0,"10":0,"11":0,"12":1,"13":0,"14":0,"15":0,"16":0,"17":1,"18":0,"19":0,"20":1,"21":0,"22":1,"23":0,"24":1,"25":0,"26":1},"f":{"0":0,"1":0,"2":0,"3":0,"4":0,"5":0,"6":0,"7":0,"8":0},"b":{}}
,"/Users/tylersayvetz/Documents/Code Fellows/401/Authenticated-Oath-API-Server/src/util/signjwt.ts": {"path":"/Users/tylersayvetz/Documents/Code Fellows/401/Authenticated-Oath-API-Server/src/util/signjwt.ts","statementMap":{"0":{"start":{"line":1,"column":0},"end":{"line":1,"column":31}},"1":{"start":{"line":3,"column":19},"end":{"line":3,"column":30}},"2":{"start":{"line":6,"column":2},"end":{"line":6,"column":null}},"3":{"start":{"line":5,"column":0},"end":{"line":5,"column":24}}},"fnMap":{"0":{"name":"sign","decl":{"start":{"line":5,"column":24},"end":{"line":5,"column":28}},"loc":{"start":{"line":5,"column":60},"end":{"line":7,"column":1}}}},"branchMap":{},"s":{"0":1,"1":1,"2":0,"3":1},"f":{"0":0},"b":{}}
}
