TN:
SF:src/middleware/404.ts
FN:4,notFoundHandler
FNF:1
FNH:0
FNDA:0,notFoundHandler
DA:4,1
DA:5,0
LF:2
LH:1
BRF:0
BRH:0
end_of_record
TN:
SF:src/middleware/500.ts
FN:2,serverErrorHandler
FNF:1
FNH:0
FNDA:0,serverErrorHandler
DA:2,1
DA:3,0
LF:2
LH:1
BRF:0
BRH:0
end_of_record
TN:
SF:src/middleware/accessControlList.ts
FN:4,default_1
FN:5,(anonymous_1)
FNF:2
FNH:1
FNDA:7,default_1
FNDA:0,(anonymous_1)
DA:4,1
DA:5,7
DA:6,0
DA:7,0
DA:8,0
DA:10,0
LF:6
LH:2
BRDA:7,0,0,0
BRDA:7,0,1,0
BRDA:7,1,0,0
BRDA:7,1,1,0
BRF:4
BRH:0
end_of_record
TN:
SF:src/middleware/basicAuth.ts
FN:12,basicAuthorization
FNF:1
FNH:0
FNDA:0,basicAuthorization
DA:2,1
DA:3,1
DA:4,1
DA:8,1
DA:12,1
DA:13,0
DA:14,0
DA:15,0
DA:18,0
DA:19,0
DA:21,0
DA:23,0
DA:24,0
DA:26,0
DA:31,0
DA:32,0
DA:33,0
DA:34,0
DA:39,0
DA:40,0
DA:41,0
DA:43,0
LF:22
LH:5
BRDA:13,0,0,0
BRDA:13,0,1,0
BRDA:23,1,0,0
BRDA:23,1,1,0
BRDA:33,2,0,0
BRDA:33,2,1,0
BRDA:39,3,0,0
BRDA:39,3,1,0
BRF:8
BRH:0
end_of_record
TN:
SF:src/middleware/bearerAuth.ts
FN:9,authorize
FNF:1
FNH:0
FNDA:0,authorize
DA:3,1
DA:4,1
DA:5,1
DA:7,1
DA:9,1
DA:10,0
DA:11,0
DA:12,0
DA:15,0
DA:16,0
DA:18,0
DA:21,0
DA:24,0
DA:25,0
DA:26,0
DA:27,0
DA:29,0
DA:32,0
LF:18
LH:5
BRDA:10,0,0,0
BRDA:10,0,1,0
BRDA:24,1,0,0
BRDA:24,1,1,0
BRF:4
BRH:0
end_of_record
TN:
SF:src/middleware/handleOauth.ts
FN:8,(anonymous_1)
FN:29,(anonymous_2)
FN:38,exchangeCodeForToken
FN:46,(anonymous_4)
FN:53,getAppAccesToken
FN:59,(anonymous_6)
FNF:6
FNH:0
FNDA:0,(anonymous_1)
FNDA:0,(anonymous_2)
FNDA:0,exchangeCodeForToken
FNDA:0,(anonymous_4)
FNDA:0,getAppAccesToken
FNDA:0,(anonymous_6)
DA:3,1
DA:5,1
DA:8,1
DA:9,0
DA:10,0
DA:11,0
DA:15,0
DA:18,0
DA:21,0
DA:22,0
DA:23,0
DA:29,0
DA:30,0
DA:31,0
DA:32,0
DA:34,0
DA:39,0
DA:40,0
DA:46,0
DA:47,0
DA:48,0
DA:49,0
DA:54,0
DA:59,0
DA:60,0
DA:62,0
DA:64,0
DA:74,1
LF:28
LH:4
BRDA:9,0,0,0
BRDA:9,0,1,0
BRF:2
BRH:0
end_of_record
TN:
SF:src/models/roles.ts
FNF:0
FNH:0
DA:1,1
DA:3,1
DA:8,1
LF:3
LH:3
BRF:0
BRH:0
end_of_record
TN:
SF:src/models/users.ts
FN:29,(anonymous_1)
FN:38,(anonymous_2)
FNF:2
FNH:0
FNDA:0,(anonymous_1)
FNDA:0,(anonymous_2)
DA:1,1
DA:3,1
DA:19,1
DA:26,1
DA:29,1
DA:30,0
DA:35,0
DA:38,1
DA:39,0
DA:44,1
LF:10
LH:7
BRDA:33,0,0,0
BRDA:33,0,1,0
BRF:2
BRH:0
end_of_record
TN:
SF:src/src/app.ts
FN:25,(anonymous_1)
FN:51,(anonymous_2)
FNF:2
FNH:1
FNDA:0,(anonymous_1)
FNDA:2,(anonymous_2)
DA:2,1
DA:3,1
DA:4,1
DA:8,1
DA:20,1
DA:21,1
DA:22,1
DA:25,1
DA:26,0
DA:30,1
DA:31,1
DA:34,1
DA:35,1
DA:38,1
DA:39,1
DA:43,1
DA:44,1
DA:47,1
DA:48,1
DA:51,1
DA:52,2
DA:57,2
DA:58,2
DA:59,2
LF:24
LH:23
BRDA:52,0,0,2
BRDA:52,0,1,1
BRF:2
BRH:2
end_of_record
TN:
SF:src/src/routers/oauth.ts
FN:10,(anonymous_1)
FN:18,(anonymous_2)
FN:26,(anonymous_3)
FNF:3
FNH:0
FNDA:0,(anonymous_1)
FNDA:0,(anonymous_2)
FNDA:0,(anonymous_3)
DA:1,1
DA:3,1
DA:6,1
DA:10,1
DA:11,0
DA:12,0
DA:18,0
DA:19,0
DA:22,0
DA:23,0
DA:26,1
DA:27,0
DA:32,1
LF:13
LH:6
BRF:0
BRH:0
end_of_record
TN:
SF:src/src/routers/roles.ts
FN:19,(anonymous_1)
FN:25,(anonymous_2)
FN:31,(anonymous_3)
FN:36,(anonymous_4)
FNF:4
FNH:0
FNDA:0,(anonymous_1)
FNDA:0,(anonymous_2)
FNDA:0,(anonymous_3)
FNDA:0,(anonymous_4)
DA:1,1
DA:7,1
DA:8,1
DA:11,1
DA:14,1
DA:19,1
DA:20,0
DA:21,0
DA:25,1
DA:26,0
DA:27,0
DA:28,0
DA:31,1
DA:32,0
DA:33,0
DA:36,1
DA:37,0
DA:38,0
DA:43,1
LF:19
LH:10
BRF:0
BRH:0
end_of_record
TN:
SF:src/src/routers/users.ts
FN:22,(anonymous_1)
FN:25,(anonymous_2)
FN:31,(anonymous_3)
FN:40,(anonymous_4)
FN:45,(anonymous_5)
FN:50,(anonymous_6)
FN:57,(anonymous_7)
FN:61,(anonymous_8)
FN:65,(anonymous_9)
FNF:9
FNH:0
FNDA:0,(anonymous_1)
FNDA:0,(anonymous_2)
FNDA:0,(anonymous_3)
FNDA:0,(anonymous_4)
FNDA:0,(anonymous_5)
FNDA:0,(anonymous_6)
FNDA:0,(anonymous_7)
FNDA:0,(anonymous_8)
FNDA:0,(anonymous_9)
DA:2,1
DA:3,1
DA:4,1
DA:5,1
DA:11,1
DA:12,1
DA:13,1
DA:16,1
DA:22,1
DA:23,0
DA:24,0
DA:26,0
DA:31,1
DA:33,0
DA:39,0
DA:43,0
DA:45,0
DA:50,1
DA:51,0
DA:52,0
DA:57,1
DA:58,0
DA:61,1
DA:62,0
DA:65,1
DA:66,0
DA:73,1
LF:27
LH:15
BRF:0
BRH:0
end_of_record
TN:
SF:src/util/signjwt.ts
FN:5,sign
FNF:1
FNH:0
FNDA:0,sign
DA:1,1
DA:3,1
DA:5,1
DA:6,0
LF:4
LH:3
BRF:0
BRH:0
end_of_record
